<?xml version="1.0" encoding="UTF-8"?>
<testng-results ignored="0" total="1" passed="1" failed="0" skipped="0">
  <reporter-output>
  </reporter-output>
  <suite started-at="2021-11-03T21:41:59 IST" name="Default suite" finished-at="2021-11-03T21:43:51 IST" duration-ms="111899">
    <groups>
    </groups>
    <test started-at="2021-11-03T21:41:59 IST" name="Default test" finished-at="2021-11-03T21:43:51 IST" duration-ms="111899">
      <class name="automation_task.AutomationTask">
        <test-method signature="automation_task()[pri:0, instance:automation_task.AutomationTask@32502377]" started-at="2021-11-03T21:41:59 IST" name="automation_task" finished-at="2021-11-03T21:43:51 IST" duration-ms="111849" status="PASS">
          <reporter-output>
          </reporter-output>
        </test-method> <!-- automation_task -->
      </class> <!-- automation_task.AutomationTask -->
    </test> <!-- Default test -->
  </suite> <!-- Default suite -->
</testng-results>
